#! /opt/homebrew/Cellar/icarus-verilog/12.0/bin/vvp
:ivl_version "12.0 (stable)";
:ivl_delay_selection "TYPICAL";
:vpi_time_precision - 12;
:vpi_module "/opt/homebrew/Cellar/icarus-verilog/12.0/lib/ivl/system.vpi";
:vpi_module "/opt/homebrew/Cellar/icarus-verilog/12.0/lib/ivl/vhdl_sys.vpi";
:vpi_module "/opt/homebrew/Cellar/icarus-verilog/12.0/lib/ivl/vhdl_textio.vpi";
:vpi_module "/opt/homebrew/Cellar/icarus-verilog/12.0/lib/ivl/v2005_math.vpi";
:vpi_module "/opt/homebrew/Cellar/icarus-verilog/12.0/lib/ivl/va_math.vpi";
S_0x11d004170 .scope module, "FSM_controller" "FSM_controller" 2 17;
 .timescale -9 -12;
    .port_info 0 /INPUT 1 "clk";
    .port_info 1 /INPUT 1 "reset";
    .port_info 2 /INPUT 1 "valid_in";
    .port_info 3 /OUTPUT 1 "en_gen_data";
    .port_info 4 /OUTPUT 1 "en_gen_err";
    .port_info 5 /OUTPUT 1 "en_enc";
    .port_info 6 /OUTPUT 1 "en_bus";
    .port_info 7 /OUTPUT 1 "en_dec";
    .port_info 8 /OUTPUT 1 "en_trans_count";
    .port_info 9 /OUTPUT 1 "en_bf1";
    .port_info 10 /OUTPUT 1 "en_bf2";
    .port_info 11 /OUTPUT 1 "en_k_comp";
    .port_info 12 /OUTPUT 1 "trigger";
    .port_info 13 /OUTPUT 1 "done";
    .port_info 14 /OUTPUT 1 "load_seed";
P_0x11d0042e0 .param/l "IDLE" 1 2 36, C4<000>;
P_0x11d004320 .param/l "S0" 1 2 37, C4<001>;
P_0x11d004360 .param/l "S1" 1 2 38, C4<010>;
P_0x11d0043a0 .param/l "S2" 1 2 39, C4<011>;
P_0x11d0043e0 .param/l "S3" 1 2 40, C4<100>;
P_0x11d004420 .param/l "S4" 1 2 41, C4<101>;
o0x110008010 .functor BUFZ 1, C4<z>; HiZ drive
v0x11d004940_0 .net "clk", 0 0, o0x110008010;  0 drivers
v0x11d0149f0_0 .var "cnt", 10 0;
v0x11d014aa0_0 .var "done", 0 0;
v0x11d014b50_0 .var "done_cnt", 0 0;
v0x11d014bf0_0 .var "en_bf1", 0 0;
v0x11d014cd0_0 .var "en_bf2", 0 0;
v0x11d014d70_0 .var "en_bus", 0 0;
v0x11d014e10_0 .var "en_dec", 0 0;
v0x11d014eb0_0 .var "en_enc", 0 0;
v0x11d014fc0_0 .var "en_gen_data", 0 0;
v0x11d015050_0 .var "en_gen_err", 0 0;
v0x11d0150f0_0 .var "en_k_comp", 0 0;
v0x11d015190_0 .var "en_trans_count", 0 0;
v0x11d015230_0 .var "enable_cnt", 0 0;
v0x11d0152d0_0 .var "load_seed", 0 0;
v0x11d015370_0 .var "nextstate", 2 0;
o0x110008310 .functor BUFZ 1, C4<z>; HiZ drive
v0x11d015420_0 .net "reset", 0 0, o0x110008310;  0 drivers
v0x11d0155b0_0 .var "state", 2 0;
v0x11d015640_0 .var "trigger", 0 0;
o0x1100083a0 .functor BUFZ 1, C4<z>; HiZ drive
v0x11d0156d0_0 .net "valid_in", 0 0, o0x1100083a0;  0 drivers
E_0x11d004840 .event anyedge, v0x11d0155b0_0;
E_0x11d0048a0 .event anyedge, v0x11d0155b0_0, v0x11d0156d0_0, v0x11d014b50_0;
E_0x11d0048e0 .event posedge, v0x11d015420_0, v0x11d004940_0;
    .scope S_0x11d004170;
T_0 ;
    %wait E_0x11d0048e0;
    %load/vec4 v0x11d015420_0;
    %flag_set/vec4 8;
    %jmp/0xz  T_0.0, 8;
    %pushi/vec4 0, 0, 3;
    %assign/vec4 v0x11d0155b0_0, 0;
    %pushi/vec4 0, 0, 1;
    %assign/vec4 v0x11d015230_0, 0;
    %pushi/vec4 0, 0, 11;
    %assign/vec4 v0x11d0149f0_0, 0;
    %pushi/vec4 0, 0, 1;
    %assign/vec4 v0x11d014b50_0, 0;
    %pushi/vec4 0, 0, 1;
    %assign/vec4 v0x11d015640_0, 0;
    %jmp T_0.1;
T_0.0 ;
    %load/vec4 v0x11d015370_0;
    %assign/vec4 v0x11d0155b0_0, 0;
    %load/vec4 v0x11d015230_0;
    %flag_set/vec4 8;
    %jmp/0xz  T_0.2, 8;
    %load/vec4 v0x11d0149f0_0;
    %cmpi/e 0, 0, 11;
    %jmp/0xz  T_0.4, 4;
    %pushi/vec4 1, 0, 1;
    %assign/vec4 v0x11d014b50_0, 0;
    %jmp T_0.5;
T_0.4 ;
    %pushi/vec4 0, 0, 1;
    %assign/vec4 v0x11d014b50_0, 0;
T_0.5 ;
    %load/vec4 v0x11d0149f0_0;
    %addi 1, 0, 11;
    %assign/vec4 v0x11d0149f0_0, 0;
    %load/vec4 v0x11d0149f0_0;
    %pad/u 32;
    %cmpi/u 0, 0, 32;
    %flag_or 5, 4; GT is !LE
    %flag_inv 5;
    %flag_get/vec4 5;
    %jmp/0 T_0.8, 5;
    %load/vec4 v0x11d0149f0_0;
    %pad/u 32;
    %cmpi/u 4, 0, 32;
    %flag_get/vec4 5;
    %and;
T_0.8;
    %flag_set/vec4 8;
    %jmp/0xz  T_0.6, 8;
    %pushi/vec4 1, 0, 1;
    %assign/vec4 v0x11d015640_0, 0;
    %jmp T_0.7;
T_0.6 ;
    %pushi/vec4 0, 0, 1;
    %assign/vec4 v0x11d015640_0, 0;
T_0.7 ;
    %jmp T_0.3;
T_0.2 ;
    %pushi/vec4 0, 0, 11;
    %assign/vec4 v0x11d0149f0_0, 0;
    %pushi/vec4 0, 0, 1;
    %assign/vec4 v0x11d014b50_0, 0;
    %pushi/vec4 0, 0, 1;
    %assign/vec4 v0x11d015640_0, 0;
T_0.3 ;
T_0.1 ;
    %jmp T_0;
    .thread T_0;
    .scope S_0x11d004170;
T_1 ;
    %wait E_0x11d0048a0;
    %load/vec4 v0x11d0155b0_0;
    %store/vec4 v0x11d015370_0, 0, 3;
    %pushi/vec4 0, 0, 1;
    %store/vec4 v0x11d015230_0, 0, 1;
    %pushi/vec4 0, 0, 1;
    %store/vec4 v0x11d0152d0_0, 0, 1;
    %load/vec4 v0x11d0155b0_0;
    %dup/vec4;
    %pushi/vec4 0, 0, 3;
    %cmp/u;
    %jmp/1 T_1.0, 6;
    %dup/vec4;
    %pushi/vec4 1, 0, 3;
    %cmp/u;
    %jmp/1 T_1.1, 6;
    %dup/vec4;
    %pushi/vec4 2, 0, 3;
    %cmp/u;
    %jmp/1 T_1.2, 6;
    %dup/vec4;
    %pushi/vec4 3, 0, 3;
    %cmp/u;
    %jmp/1 T_1.3, 6;
    %dup/vec4;
    %pushi/vec4 4, 0, 3;
    %cmp/u;
    %jmp/1 T_1.4, 6;
    %dup/vec4;
    %pushi/vec4 5, 0, 3;
    %cmp/u;
    %jmp/1 T_1.5, 6;
    %pushi/vec4 0, 0, 3;
    %store/vec4 v0x11d015370_0, 0, 3;
    %jmp T_1.7;
T_1.0 ;
    %load/vec4 v0x11d0156d0_0;
    %cmpi/e 1, 0, 1;
    %jmp/0xz  T_1.8, 4;
    %pushi/vec4 1, 0, 3;
    %store/vec4 v0x11d015370_0, 0, 3;
    %pushi/vec4 1, 0, 1;
    %store/vec4 v0x11d015230_0, 0, 1;
    %pushi/vec4 1, 0, 1;
    %store/vec4 v0x11d0152d0_0, 0, 1;
T_1.8 ;
    %jmp T_1.7;
T_1.1 ;
    %load/vec4 v0x11d014b50_0;
    %cmpi/e 1, 0, 1;
    %jmp/0xz  T_1.10, 4;
    %pushi/vec4 2, 0, 3;
    %store/vec4 v0x11d015370_0, 0, 3;
T_1.10 ;
    %pushi/vec4 1, 0, 1;
    %store/vec4 v0x11d015230_0, 0, 1;
    %jmp T_1.7;
T_1.2 ;
    %load/vec4 v0x11d014b50_0;
    %cmpi/e 1, 0, 1;
    %jmp/0xz  T_1.12, 4;
    %pushi/vec4 3, 0, 3;
    %store/vec4 v0x11d015370_0, 0, 3;
T_1.12 ;
    %pushi/vec4 1, 0, 1;
    %store/vec4 v0x11d015230_0, 0, 1;
    %jmp T_1.7;
T_1.3 ;
    %load/vec4 v0x11d014b50_0;
    %cmpi/e 1, 0, 1;
    %jmp/0xz  T_1.14, 4;
    %pushi/vec4 4, 0, 3;
    %store/vec4 v0x11d015370_0, 0, 3;
T_1.14 ;
    %pushi/vec4 1, 0, 1;
    %store/vec4 v0x11d015230_0, 0, 1;
    %jmp T_1.7;
T_1.4 ;
    %load/vec4 v0x11d014b50_0;
    %cmpi/e 1, 0, 1;
    %jmp/0xz  T_1.16, 4;
    %pushi/vec4 5, 0, 3;
    %store/vec4 v0x11d015370_0, 0, 3;
T_1.16 ;
    %pushi/vec4 1, 0, 1;
    %store/vec4 v0x11d015230_0, 0, 1;
    %jmp T_1.7;
T_1.5 ;
    %load/vec4 v0x11d014b50_0;
    %cmpi/e 1, 0, 1;
    %jmp/0xz  T_1.18, 4;
    %pushi/vec4 0, 0, 3;
    %store/vec4 v0x11d015370_0, 0, 3;
T_1.18 ;
    %pushi/vec4 1, 0, 1;
    %store/vec4 v0x11d015230_0, 0, 1;
    %jmp T_1.7;
T_1.7 ;
    %pop/vec4 1;
    %jmp T_1;
    .thread T_1, $push;
    .scope S_0x11d004170;
T_2 ;
    %wait E_0x11d004840;
    %pushi/vec4 0, 0, 1;
    %store/vec4 v0x11d014fc0_0, 0, 1;
    %pushi/vec4 0, 0, 1;
    %store/vec4 v0x11d015050_0, 0, 1;
    %pushi/vec4 0, 0, 1;
    %store/vec4 v0x11d014eb0_0, 0, 1;
    %pushi/vec4 0, 0, 1;
    %store/vec4 v0x11d014d70_0, 0, 1;
    %pushi/vec4 0, 0, 1;
    %store/vec4 v0x11d014e10_0, 0, 1;
    %pushi/vec4 0, 0, 1;
    %store/vec4 v0x11d015190_0, 0, 1;
    %pushi/vec4 0, 0, 1;
    %store/vec4 v0x11d014aa0_0, 0, 1;
    %pushi/vec4 0, 0, 1;
    %store/vec4 v0x11d014bf0_0, 0, 1;
    %pushi/vec4 0, 0, 1;
    %store/vec4 v0x11d014cd0_0, 0, 1;
    %pushi/vec4 0, 0, 1;
    %store/vec4 v0x11d0150f0_0, 0, 1;
    %load/vec4 v0x11d0155b0_0;
    %dup/vec4;
    %pushi/vec4 0, 0, 3;
    %cmp/u;
    %jmp/1 T_2.0, 6;
    %dup/vec4;
    %pushi/vec4 1, 0, 3;
    %cmp/u;
    %jmp/1 T_2.1, 6;
    %dup/vec4;
    %pushi/vec4 2, 0, 3;
    %cmp/u;
    %jmp/1 T_2.2, 6;
    %dup/vec4;
    %pushi/vec4 3, 0, 3;
    %cmp/u;
    %jmp/1 T_2.3, 6;
    %dup/vec4;
    %pushi/vec4 4, 0, 3;
    %cmp/u;
    %jmp/1 T_2.4, 6;
    %dup/vec4;
    %pushi/vec4 5, 0, 3;
    %cmp/u;
    %jmp/1 T_2.5, 6;
    %jmp T_2.7;
T_2.0 ;
    %jmp T_2.7;
T_2.1 ;
    %pushi/vec4 1, 0, 1;
    %store/vec4 v0x11d014fc0_0, 0, 1;
    %jmp T_2.7;
T_2.2 ;
    %pushi/vec4 1, 0, 1;
    %store/vec4 v0x11d014fc0_0, 0, 1;
    %pushi/vec4 1, 0, 1;
    %store/vec4 v0x11d014eb0_0, 0, 1;
    %jmp T_2.7;
T_2.3 ;
    %pushi/vec4 1, 0, 1;
    %store/vec4 v0x11d014fc0_0, 0, 1;
    %pushi/vec4 1, 0, 1;
    %store/vec4 v0x11d014eb0_0, 0, 1;
    %pushi/vec4 1, 0, 1;
    %store/vec4 v0x11d014d70_0, 0, 1;
    %jmp T_2.7;
T_2.4 ;
    %pushi/vec4 1, 0, 1;
    %store/vec4 v0x11d014fc0_0, 0, 1;
    %pushi/vec4 1, 0, 1;
    %store/vec4 v0x11d014eb0_0, 0, 1;
    %pushi/vec4 1, 0, 1;
    %store/vec4 v0x11d014d70_0, 0, 1;
    %pushi/vec4 1, 0, 1;
    %store/vec4 v0x11d014e10_0, 0, 1;
    %jmp T_2.7;
T_2.5 ;
    %pushi/vec4 1, 0, 1;
    %store/vec4 v0x11d014fc0_0, 0, 1;
    %pushi/vec4 1, 0, 1;
    %store/vec4 v0x11d014eb0_0, 0, 1;
    %pushi/vec4 1, 0, 1;
    %store/vec4 v0x11d014d70_0, 0, 1;
    %pushi/vec4 1, 0, 1;
    %store/vec4 v0x11d014e10_0, 0, 1;
    %pushi/vec4 1, 0, 1;
    %store/vec4 v0x11d015190_0, 0, 1;
    %pushi/vec4 1, 0, 1;
    %store/vec4 v0x11d014aa0_0, 0, 1;
    %pushi/vec4 1, 0, 1;
    %store/vec4 v0x11d014bf0_0, 0, 1;
    %pushi/vec4 1, 0, 1;
    %store/vec4 v0x11d014cd0_0, 0, 1;
    %pushi/vec4 1, 0, 1;
    %store/vec4 v0x11d0150f0_0, 0, 1;
    %jmp T_2.7;
T_2.7 ;
    %pop/vec4 1;
    %jmp T_2;
    .thread T_2, $push;
# The file index is used to find the file name in the following table.
:file_names 3;
    "N/A";
    "<interactive>";
    "FSM_controller.v";
